dpkg-query: package 'libgmp3-dev' is not installed and no information is available
Use dpkg --info (= dpkg-deb --info) to examine archive files,
and dpkg --contents (= dpkg-deb --contents) to list their contents.
Package: gcc
Status: install ok installed
Priority: optional
Section: devel
Installed-Size: 41
Maintainer: Debian GCC Maintainers <debian-gcc@lists.debian.org>
Architecture: amd64
Source: gcc-defaults (1.150)
Version: 4:5.3.1-1
Provides: c-compiler
Depends: cpp (>= 4:5.3.1-1), gcc-5 (>= 5.3.1-3~)
Recommends: libc6-dev | libc-dev
Suggests: gcc-multilib, make, manpages-dev, autoconf, automake, libtool, flex, bison, gdb, gcc-doc
Conflicts: gcc-doc (<< 1:2.95.3)
Description: GNU C compiler
 This is the GNU C compiler, a fairly portable optimizing compiler for C.
 .
 This is a dependency package providing the default GNU C compiler.
